<?xml version="1.0" encoding="UTF-8"?>
<!-- Generated by org.testng.reporters.JUnitXMLReporter -->
<<<<<<< HEAD
<<<<<<< HEAD
<<<<<<< HEAD
<testsuite ignored="0" hostname="DESKTOP-PCRDTAN" failures="0" tests="0" name="Default test" time="0.929" errors="0" timestamp="2020-05-22T10:28:02 IST">
  <testcase classname="com.appium.test.wordweb_Mohan" name="@BeforeTest setUp" time="-1.590123481862E9">
=======
<testsuite hostname="DG-PC" ignored="0" name="Default test" tests="1" failures="0" timestamp="2020-05-22T16:47:34 IST" time="0.162" errors="0">
  <testcase name="@BeforeTest setUp" time="-1.590146253345E9" classname="com.appium.test.Univtestng">
>>>>>>> origin/gokulbranch1
    <failure type="org.testng.TestNGException" message="
Parameter &amp;apos;Device&amp;apos; is required by BeforeTest on method setUp but has not been marked @Optional or defined
in C:\Users\New\AppData\Local\Temp\testng-eclipse--1065763226\testng-customsuite.xml">
      <![CDATA[org.testng.TestNGException: 
Parameter 'Device' is required by BeforeTest on method setUp but has not been marked @Optional or defined
<<<<<<< HEAD
in C:\Users\mohan\AppData\Local\Temp\testng-eclipse--744194479\testng-customsuite.xml
=======
<testsuite ignored="0" hostname="LAPTOP-VU9JH5KI" failures="0" tests="5" name="Default test" time="1.718" errors="0" timestamp="2020-05-22T12:32:50 IST">
  <testcase classname="com.appium.test.EmiCalculatorKevin" name="@BeforeTest setUp" time="-1.590130968039E9">
    <failure type="org.testng.TestNGException" message="
Parameter &amp;apos;Device&amp;apos; is required by BeforeTest on method setUp but has not been marked @Optional or defined
in C:\Users\Acer\AppData\Local\Temp\testng-eclipse--1412166490\testng-customsuite.xml">
      <![CDATA[org.testng.TestNGException: 
Parameter 'Device' is required by BeforeTest on method setUp but has not been marked @Optional or defined
in C:\Users\Acer\AppData\Local\Temp\testng-eclipse--1412166490\testng-customsuite.xml
>>>>>>> kevin
=======
<testsuite ignored="0" hostname="MAVBCP402" failures="0" tests="4" name="Default test" time="0.158" errors="0" timestamp="2020-05-22T13:02:10 IST">
  <testcase classname="com.appium.test.SwethaTasty" name="@BeforeTest setUp" time="-1.590132729817E9">
    <failure type="org.testng.TestNGException" message="
Parameter &amp;apos;Device&amp;apos; is required by BeforeTest on method setUp but has not been marked @Optional or defined
in C:\Users\DELL\AppData\Local\Temp\testng-eclipse-866541949\testng-customsuite.xml">
      <![CDATA[org.testng.TestNGException: 
Parameter 'Device' is required by BeforeTest on method setUp but has not been marked @Optional or defined
in C:\Users\DELL\AppData\Local\Temp\testng-eclipse-866541949\testng-customsuite.xml
>>>>>>> origin/SwethaBranch
at org.testng.internal.Parameters.createParams(Parameters.java:272)
at org.testng.internal.Parameters.createParametersForMethod(Parameters.java:360)
at org.testng.internal.Parameters.createParameters(Parameters.java:704)
at org.testng.internal.Parameters.createConfigurationParameters(Parameters.java:166)
at org.testng.internal.ConfigInvoker.invokeConfigurations(ConfigInvoker.java:283)
at org.testng.TestRunner.invokeTestConfigurations(TestRunner.java:619)
at org.testng.TestRunner.beforeRun(TestRunner.java:609)
at org.testng.TestRunner.run(TestRunner.java:580)
at org.testng.SuiteRunner.runTest(SuiteRunner.java:384)
at org.testng.SuiteRunner.runSequentially(SuiteRunner.java:378)
at org.testng.SuiteRunner.privateRun(SuiteRunner.java:337)
at org.testng.SuiteRunner.run(SuiteRunner.java:286)
=======
in C:\Users\New\AppData\Local\Temp\testng-eclipse--1065763226\testng-customsuite.xml
at org.testng.internal.Parameters.createParams(Parameters.java:289)
at org.testng.internal.Parameters.createParametersForMethod(Parameters.java:377)
at org.testng.internal.Parameters.createParameters(Parameters.java:721)
at org.testng.internal.Parameters.createConfigurationParameters(Parameters.java:164)
at org.testng.internal.ConfigInvoker.invokeConfigurations(ConfigInvoker.java:275)
at org.testng.TestRunner.invokeTestConfigurations(TestRunner.java:623)
at org.testng.TestRunner.beforeRun(TestRunner.java:613)
at org.testng.TestRunner.run(TestRunner.java:584)
at org.testng.SuiteRunner.runTest(SuiteRunner.java:402)
at org.testng.SuiteRunner.runSequentially(SuiteRunner.java:396)
at org.testng.SuiteRunner.privateRun(SuiteRunner.java:355)
at org.testng.SuiteRunner.run(SuiteRunner.java:304)
>>>>>>> origin/gokulbranch1
at org.testng.SuiteRunnerWorker.runSuite(SuiteRunnerWorker.java:53)
at org.testng.SuiteRunnerWorker.run(SuiteRunnerWorker.java:96)
at org.testng.TestNG.runSuitesSequentially(TestNG.java:1180)
at org.testng.TestNG.runSuitesLocally(TestNG.java:1102)
at org.testng.TestNG.runSuites(TestNG.java:1032)
at org.testng.TestNG.run(TestNG.java:1000)
at org.testng.remote.AbstractRemoteTestNG.run(AbstractRemoteTestNG.java:115)
at org.testng.remote.RemoteTestNG.initAndRun(RemoteTestNG.java:251)
at org.testng.remote.RemoteTestNG.main(RemoteTestNG.java:77)
]]>
    </failure>
  </testcase> <!-- @BeforeTest setUp -->
<<<<<<< HEAD
<<<<<<< HEAD
<<<<<<< HEAD
  <testcase classname="com.appium.test.wordweb_Mohan" name="@BeforeClass login" time="-1.590123481891E9">
=======
  <testcase name="@AfterTest tearDown" time="-1.590146253492E9" classname="com.appium.test.Univtestng">
>>>>>>> origin/gokulbranch1
    <skipped/>
  </testcase> <!-- @AfterTest tearDown -->
  <testcase name="sampleTest" time="0.0" classname="com.appium.test.Univtestng">
    <skipped/>
<<<<<<< HEAD
  </testcase> <!-- @AfterClass logout -->
  <testcase classname="com.appium.test.wordweb_Mohan" name="@AfterTest afterTest" time="-1.590123482777E9">
    <skipped/>
  </testcase> <!-- @AfterTest afterTest -->
=======
  <testcase classname="com.appium.test.EmiCalculatorKevin" name="@AfterTest afterTest" time="-1.590130969747E9">
    <skipped/>
  </testcase> <!-- @AfterTest afterTest -->
  <testcase classname="com.appium.test.EmiCalculatorKevin" name="sampleTest" time="0.0">
    <skipped/>
  </testcase> <!-- sampleTest -->
  <testcase classname="com.appium.test.EmiCalculatorKevin" name="sampleTest" time="0.0">
    <skipped/>
  </testcase> <!-- sampleTest -->
  <testcase classname="com.appium.test.EmiCalculatorKevin" name="sampleTest" time="0.0">
    <skipped/>
  </testcase> <!-- sampleTest -->
  <testcase classname="com.appium.test.EmiCalculatorKevin" name="sampleTest" time="0.0">
    <skipped/>
  </testcase> <!-- sampleTest -->
  <testcase classname="com.appium.test.EmiCalculatorKevin" name="sampleTest" time="0.0">
=======
  <testcase classname="com.appium.test.SwethaTasty" name="@BeforeClass login" time="-1.590132729911E9">
    <skipped/>
  </testcase> <!-- @BeforeClass login -->
  <testcase classname="com.appium.test.SwethaTasty" name="@AfterClass tearDown" time="-1.590132729965E9">
    <skipped/>
  </testcase> <!-- @AfterClass tearDown -->
  <testcase classname="com.appium.test.SwethaTasty" name="sampleTest" time="0.0">
    <skipped/>
  </testcase> <!-- sampleTest -->
  <testcase classname="com.appium.test.SwethaTasty" name="sampleTest" time="0.0">
    <skipped/>
  </testcase> <!-- sampleTest -->
  <testcase classname="com.appium.test.SwethaTasty" name="sampleTest" time="0.0">
    <skipped/>
  </testcase> <!-- sampleTest -->
  <testcase classname="com.appium.test.SwethaTasty" name="sampleTest" time="0.0">
>>>>>>> origin/SwethaBranch
    <skipped/>
  </testcase> <!-- sampleTest -->
>>>>>>> kevin
=======
  </testcase> <!-- sampleTest -->
>>>>>>> origin/gokulbranch1
</testsuite> <!-- Default test -->
