<?xml version="1.0" encoding="UTF-8"?>
<!-- Generated by org.testng.reporters.JUnitReportReporter -->
<testsuite hostname="MAVBCP402" failures="0" tests="6" name="com.appium.test.SwethaTasty" time="-1590491520.000" errors="1" timestamp="2020-05-26T16:40:51 IST" skipped="5">
  <testcase classname="com.appium.test.SwethaTasty" name="sampleTest" time="0.000">
    <skipped/>
  </testcase> <!-- sampleTest -->
  <testcase classname="com.appium.test.SwethaTasty" name="sampleTest" time="0.000">
    <skipped/>
  </testcase> <!-- sampleTest -->
  <testcase classname="com.appium.test.SwethaTasty" name="sampleTest1" time="0.000">
    <skipped/>
  </testcase> <!-- sampleTest1 -->
  <testcase classname="com.appium.test.SwethaTasty" name="sampleTest" time="0.000">
    <skipped/>
  </testcase> <!-- sampleTest -->
  <testcase classname="com.appium.test.SwethaTasty" name="sampleTest" time="0.000">
    <skipped/>
  </testcase> <!-- sampleTest -->
  <testcase classname="com.appium.test.SwethaTasty" name="setUp" time="-1590491520.000">
    <error message="
Parameter &#039;Device&#039; is required by BeforeTest on method setUp but has not been marked @Optional or defined
in C:\Users\DELL\AppData\Local\Temp\testng-eclipse-1755074857\testng-customsuite.xml" type="org.testng.TestNGException">
      <![CDATA[org.testng.TestNGException: 
Parameter 'Device' is required by BeforeTest on method setUp but has not been marked @Optional or defined
in C:\Users\DELL\AppData\Local\Temp\testng-eclipse-1755074857\testng-customsuite.xml
at org.testng.internal.Parameters.createParams(Parameters.java:289)
at org.testng.internal.Parameters.createParametersForMethod(Parameters.java:377)
at org.testng.internal.Parameters.createParameters(Parameters.java:721)
at org.testng.internal.Parameters.createConfigurationParameters(Parameters.java:164)
at org.testng.internal.ConfigInvoker.invokeConfigurations(ConfigInvoker.java:275)
at org.testng.TestRunner.invokeTestConfigurations(TestRunner.java:623)
at org.testng.TestRunner.beforeRun(TestRunner.java:613)
at org.testng.TestRunner.run(TestRunner.java:584)
at org.testng.SuiteRunner.runTest(SuiteRunner.java:402)
at org.testng.SuiteRunner.runSequentially(SuiteRunner.java:396)
at org.testng.SuiteRunner.privateRun(SuiteRunner.java:355)
at org.testng.SuiteRunner.run(SuiteRunner.java:304)
at org.testng.SuiteRunnerWorker.runSuite(SuiteRunnerWorker.java:53)
at org.testng.SuiteRunnerWorker.run(SuiteRunnerWorker.java:96)
at org.testng.TestNG.runSuitesSequentially(TestNG.java:1180)
at org.testng.TestNG.runSuitesLocally(TestNG.java:1102)
at org.testng.TestNG.runSuites(TestNG.java:1032)
at org.testng.TestNG.run(TestNG.java:1000)
at org.testng.remote.AbstractRemoteTestNG.run(AbstractRemoteTestNG.java:115)
at org.testng.remote.RemoteTestNG.initAndRun(RemoteTestNG.java:251)
at org.testng.remote.RemoteTestNG.main(RemoteTestNG.java:77)
]]>
    </error>
  </testcase> <!-- setUp -->
</testsuite> <!-- com.appium.test.SwethaTasty -->
